  main.cpp
  Utils.cpp
C:\Users\Lenovo\OneDrive\Attachments\Escritorio\E.Datos\ProgramaCesar\Singly_Linked_List.h(39,13): warning C4984: "if constexpr" es una extensión del lenguaje C++17
  (compilando archivo de origen "main.cpp")
  C:\Users\Lenovo\OneDrive\Attachments\Escritorio\E.Datos\ProgramaCesar\Singly_Linked_List.h(39,13):
  el contexto de creación de instancias de la plantilla (el más antiguo primero) es
  	C:\Users\Lenovo\OneDrive\Attachments\Escritorio\E.Datos\ProgramaCesar\Singly_Linked_List.h(59,2):
  	Vea la referencia a la creación de una instancia de clase plantilla "SinglyLinkedList<T>" que se está compilando
  
C:\Users\Lenovo\OneDrive\Attachments\Escritorio\E.Datos\ProgramaCesar\Circular_Linked_List.h(41,13): warning C4984: "if constexpr" es una extensión del lenguaje C++17
  (compilando archivo de origen "main.cpp")
  C:\Users\Lenovo\OneDrive\Attachments\Escritorio\E.Datos\ProgramaCesar\Circular_Linked_List.h(41,13):
  el contexto de creación de instancias de la plantilla (el más antiguo primero) es
  	C:\Users\Lenovo\OneDrive\Attachments\Escritorio\E.Datos\ProgramaCesar\Circular_Linked_List.h(62,2):
  	Vea la referencia a la creación de una instancia de clase plantilla "CircularLinkedList<T>" que se está compilando
  
C:\Users\Lenovo\OneDrive\Attachments\Escritorio\E.Datos\ProgramaCesar\Doubly_Linked_List.h(41,13): warning C4984: "if constexpr" es una extensión del lenguaje C++17
  (compilando archivo de origen "main.cpp")
  C:\Users\Lenovo\OneDrive\Attachments\Escritorio\E.Datos\ProgramaCesar\Doubly_Linked_List.h(41,13):
  el contexto de creación de instancias de la plantilla (el más antiguo primero) es
  	C:\Users\Lenovo\OneDrive\Attachments\Escritorio\E.Datos\ProgramaCesar\Doubly_Linked_List.h(61,2):
  	Vea la referencia a la creación de una instancia de clase plantilla "DoublyLinkedList<T>" que se está compilando
  
C:\Users\Lenovo\OneDrive\Attachments\Escritorio\E.Datos\ProgramaCesar\Doubly_Circular_Linked_List.h(46,13): warning C4984: "if constexpr" es una extensión del lenguaje C++17
  (compilando archivo de origen "main.cpp")
  C:\Users\Lenovo\OneDrive\Attachments\Escritorio\E.Datos\ProgramaCesar\Doubly_Circular_Linked_List.h(46,13):
  el contexto de creación de instancias de la plantilla (el más antiguo primero) es
  	C:\Users\Lenovo\OneDrive\Attachments\Escritorio\E.Datos\ProgramaCesar\Doubly_Circular_Linked_List.h(67,2):
  	Vea la referencia a la creación de una instancia de clase plantilla "DoublyCircularLinkedList<T>" que se está compilando
  
  Generando código...
  ProgramaCorreosCesar.vcxproj -> C:\Users\Lenovo\OneDrive\Attachments\Escritorio\E.Datos\ProgramaCesar\x64\Debug\ProgramaCorreosCesar.exe
  "pwsh.exe" no se reconoce como un comando interno o externo,
  programa o archivo por lotes ejecutable.
